<?xml version="1.0" encoding="UTF-8"?>
<testng-results skipped="1" failed="0" ignored="0" total="1" passed="0">
  <reporter-output>
  </reporter-output>
  <suite name="Michaelpage Regression Test Suite" duration-ms="790" started-at="2021-04-17T13:12:56Z" finished-at="2021-04-17T13:12:57Z">
    <groups>
      <group name="cucumber">
        <method signature="EPIC_104_MyPage_Michaelpagerunner.feature(cucumber.api.testng.CucumberFeatureWrapper)[pri:0, instance:com.michaelpage.testrunner.EPIC_104_MyPage_Michaelpagerunner@43738a82]" name="feature" class="com.michaelpage.testrunner.EPIC_104_MyPage_Michaelpagerunner"/>
      </group> <!-- cucumber -->
    </groups>
    <test name="michaelpage D8 Regression Test" duration-ms="790" started-at="2021-04-17T13:12:56Z" finished-at="2021-04-17T13:12:57Z">
      <class name="com.michaelpage.testrunner.EPIC_104_MyPage_Michaelpagerunner">
        <test-method status="PASS" signature="initialize()[pri:0, instance:com.michaelpage.testrunner.EPIC_104_MyPage_Michaelpagerunner@43738a82]" name="initialize" is-config="true" duration-ms="84" started-at="2021-04-17T13:12:56Z" finished-at="2021-04-17T13:12:56Z">
          <reporter-output>
          </reporter-output>
        </test-method> <!-- initialize -->
        <test-method status="PASS" signature="testSetUp()[pri:0, instance:com.michaelpage.testrunner.EPIC_104_MyPage_Michaelpagerunner@43738a82]" name="testSetUp" is-config="true" duration-ms="3" started-at="2021-04-17T13:12:57Z" finished-at="2021-04-17T13:12:57Z">
          <reporter-output>
          </reporter-output>
        </test-method> <!-- testSetUp -->
        <test-method status="PASS" signature="classSetUp()[pri:0, instance:com.michaelpage.testrunner.EPIC_104_MyPage_Michaelpagerunner@43738a82]" name="classSetUp" is-config="true" duration-ms="473" started-at="2021-04-17T13:12:57Z" finished-at="2021-04-17T13:12:57Z">
          <reporter-output>
          </reporter-output>
        </test-method> <!-- classSetUp -->
        <test-method status="SKIP" signature="feature(cucumber.api.testng.CucumberFeatureWrapper)[pri:0, instance:com.michaelpage.testrunner.EPIC_104_MyPage_Michaelpagerunner@43738a82]" name="feature" duration-ms="0" started-at="2021-04-17T13:12:57Z" description="Run Feature" data-provider="features" finished-at="2021-04-17T13:12:57Z">
          <exception class="java.lang.RuntimeException">
            <message>
              <![CDATA[java.lang.IllegalArgumentException: Not a file or directory: C:\Users\mjuturu\Downloads\Testing-D8-master\MichaelPage_D8_Platform\src\test\resources\features\AEPSample.feature]]>
            </message>
            <full-stacktrace>
              <![CDATA[java.lang.RuntimeException: java.lang.IllegalArgumentException: Not a file or directory: C:\Users\mjuturu\Downloads\Testing-D8-master\MichaelPage_D8_Platform\src\test\resources\features\AEPSample.feature
at org.testng.internal.MethodInvocationHelper.invokeMethodNoCheckedException(MethodInvocationHelper.java:49)
at org.testng.internal.MethodInvocationHelper.invokeDataProvider(MethodInvocationHelper.java:131)
at org.testng.internal.Parameters.handleParameters(Parameters.java:706)
at org.testng.internal.ParameterHandler.handleParameters(ParameterHandler.java:49)
at org.testng.internal.ParameterHandler.createParameters(ParameterHandler.java:37)
at org.testng.internal.Invoker.invokeTestMethods(Invoker.java:923)
at org.testng.internal.TestMethodWorker.invokeTestMethods(TestMethodWorker.java:125)
at org.testng.internal.TestMethodWorker.run(TestMethodWorker.java:109)
at org.testng.TestRunner.privateRun(TestRunner.java:648)
at org.testng.TestRunner.run(TestRunner.java:505)
at org.testng.SuiteRunner.runTest(SuiteRunner.java:455)
at org.testng.SuiteRunner.runSequentially(SuiteRunner.java:450)
at org.testng.SuiteRunner.privateRun(SuiteRunner.java:415)
at org.testng.SuiteRunner.run(SuiteRunner.java:364)
at org.testng.SuiteRunnerWorker.runSuite(SuiteRunnerWorker.java:52)
at org.testng.SuiteRunnerWorker.run(SuiteRunnerWorker.java:84)
at org.testng.TestNG.runSuitesSequentially(TestNG.java:1208)
at org.testng.TestNG.runSuitesLocally(TestNG.java:1137)
at org.testng.TestNG.runSuites(TestNG.java:1049)
at org.testng.TestNG.run(TestNG.java:1017)
at org.testng.remote.AbstractRemoteTestNG.run(AbstractRemoteTestNG.java:115)
at org.testng.remote.RemoteTestNG.initAndRun(RemoteTestNG.java:251)
at org.testng.remote.RemoteTestNG.main(RemoteTestNG.java:77)
Caused by: java.lang.IllegalArgumentException: Not a file or directory: C:\Users\mjuturu\Downloads\Testing-D8-master\MichaelPage_D8_Platform\src\test\resources\features\AEPSample.feature
at cucumber.runtime.io.FileResourceIterator$FileIterator.<init>(FileResourceIterator.java:54)
at cucumber.runtime.io.FileResourceIterator.<init>(FileResourceIterator.java:20)
at cucumber.runtime.io.FileResourceIterable.iterator(FileResourceIterable.java:19)
at cucumber.runtime.model.CucumberFeature.loadFromFeaturePath(CucumberFeature.java:103)
at cucumber.runtime.model.CucumberFeature.load(CucumberFeature.java:54)
at cucumber.runtime.model.CucumberFeature.load(CucumberFeature.java:34)
at cucumber.runtime.RuntimeOptions.cucumberFeatures(RuntimeOptions.java:239)
at cucumber.api.testng.TestNGCucumberRunner.getFeatures(TestNGCucumberRunner.java:85)
at cucumber.api.testng.TestNGCucumberRunner.provideFeatures(TestNGCucumberRunner.java:94)
at com.michaelpage.testrunner.EPIC_104_MyPage_Michaelpagerunner.features(EPIC_104_MyPage_Michaelpagerunner.java:66)
at sun.reflect.NativeMethodAccessorImpl.invoke0(Native Method)
at sun.reflect.NativeMethodAccessorImpl.invoke(NativeMethodAccessorImpl.java:62)
at sun.reflect.DelegatingMethodAccessorImpl.invoke(DelegatingMethodAccessorImpl.java:43)
at java.lang.reflect.Method.invoke(Method.java:498)
at org.testng.internal.MethodInvocationHelper.invokeMethod(MethodInvocationHelper.java:124)
at org.testng.internal.MethodInvocationHelper.invokeMethod(MethodInvocationHelper.java:74)
at org.testng.internal.MethodInvocationHelper.invokeMethodNoCheckedException(MethodInvocationHelper.java:45)
... 22 more
]]>
            </full-stacktrace>
          </exception> <!-- java.lang.RuntimeException -->
          <reporter-output>
          </reporter-output>
        </test-method> <!-- feature -->
        <test-method status="PASS" signature="classTearDown()[pri:0, instance:com.michaelpage.testrunner.EPIC_104_MyPage_Michaelpagerunner@43738a82]" name="classTearDown" is-config="true" duration-ms="20" started-at="2021-04-17T13:12:57Z" finished-at="2021-04-17T13:12:57Z">
          <reporter-output>
          </reporter-output>
        </test-method> <!-- classTearDown -->
        <test-method status="FAIL" signature="closeBrowser()[pri:0, instance:com.michaelpage.testrunner.EPIC_104_MyPage_Michaelpagerunner@43738a82]" name="closeBrowser" is-config="true" duration-ms="2" started-at="2021-04-17T13:12:57Z" finished-at="2021-04-17T13:12:57Z">
          <exception class="java.lang.NullPointerException">
            <full-stacktrace>
              <![CDATA[java.lang.NullPointerException
at com.michaelpage.common.utils.TestBase.tearDown(TestBase.java:158)
at com.michaelpage.testrunner.EPIC_104_MyPage_Michaelpagerunner.closeBrowser(EPIC_104_MyPage_Michaelpagerunner.java:76)
at sun.reflect.NativeMethodAccessorImpl.invoke0(Native Method)
at sun.reflect.NativeMethodAccessorImpl.invoke(NativeMethodAccessorImpl.java:62)
at sun.reflect.DelegatingMethodAccessorImpl.invoke(DelegatingMethodAccessorImpl.java:43)
at java.lang.reflect.Method.invoke(Method.java:498)
at org.testng.internal.MethodInvocationHelper.invokeMethod(MethodInvocationHelper.java:124)
at org.testng.internal.MethodInvocationHelper.invokeMethodConsideringTimeout(MethodInvocationHelper.java:59)
at org.testng.internal.Invoker.invokeConfigurationMethod(Invoker.java:455)
at org.testng.internal.Invoker.invokeConfigurations(Invoker.java:222)
at org.testng.internal.Invoker.invokeConfigurations(Invoker.java:142)
at org.testng.TestRunner.afterRun(TestRunner.java:725)
at org.testng.TestRunner.run(TestRunner.java:509)
at org.testng.SuiteRunner.runTest(SuiteRunner.java:455)
at org.testng.SuiteRunner.runSequentially(SuiteRunner.java:450)
at org.testng.SuiteRunner.privateRun(SuiteRunner.java:415)
at org.testng.SuiteRunner.run(SuiteRunner.java:364)
at org.testng.SuiteRunnerWorker.runSuite(SuiteRunnerWorker.java:52)
at org.testng.SuiteRunnerWorker.run(SuiteRunnerWorker.java:84)
at org.testng.TestNG.runSuitesSequentially(TestNG.java:1208)
at org.testng.TestNG.runSuitesLocally(TestNG.java:1137)
at org.testng.TestNG.runSuites(TestNG.java:1049)
at org.testng.TestNG.run(TestNG.java:1017)
at org.testng.remote.AbstractRemoteTestNG.run(AbstractRemoteTestNG.java:115)
at org.testng.remote.RemoteTestNG.initAndRun(RemoteTestNG.java:251)
at org.testng.remote.RemoteTestNG.main(RemoteTestNG.java:77)
]]>
            </full-stacktrace>
          </exception> <!-- java.lang.NullPointerException -->
          <reporter-output>
          </reporter-output>
        </test-method> <!-- closeBrowser -->
      </class> <!-- com.michaelpage.testrunner.EPIC_104_MyPage_Michaelpagerunner -->
    </test> <!-- michaelpage D8 Regression Test -->
  </suite> <!-- Michaelpage Regression Test Suite -->
</testng-results>
